<?xml version="1.0" encoding="UTF-8"?>
<!-- Generated by org.testng.reporters.JUnitXMLReporter -->
<testsuite hostname="DESKTOP-M4622L9" ignored="5" name="prod-selenium-tcs" tests="3" failures="1" timestamp="2021-01-25T13:37:30 GMT" time="15.486" errors="0">
  <testcase name="passTest" time="4.91" classname="prodTests.ProdCustomsModule"/>
  <testcase name="failTest" time="2.041" classname="prodTests.ProdCustomsModule">
    <failure type="java.lang.AssertionError" message="expected [true] but found [false]">
      <![CDATA[java.lang.AssertionError: expected [true] but found [false]
at prodTests.ProdCustomsModule.failTest(ProdCustomsModule.java:142)
at java.util.ArrayList.forEach(ArrayList.java:1259)
... Removed 37 stack frames]]>
    </failure>
  </testcase> <!-- failTest -->
  <testcase name="skipTest" time="0.0" classname="prodTests.ProdCustomsModule">
    <skipped/>
  </testcase> <!-- skipTest -->
  <testcase name="prodCustSelTc1" time="0.0" classname="prodTests.ProdCustomsModule">
    <ignored/>
  </testcase> <!-- prodCustSelTc1 -->
  <testcase name="prodDepCaseForCustTc1" time="0.0" classname="prodTests.ProdCustomsModule">
    <ignored/>
  </testcase> <!-- prodDepCaseForCustTc1 -->
  <testcase name="prodCustSelTc2" time="0.0" classname="prodTests.ProdCustomsModule">
    <ignored/>
  </testcase> <!-- prodCustSelTc2 -->
  <testcase name="prodCustverifyDataTc" time="0.0" classname="prodTests.ProdCustomsModule">
    <ignored/>
  </testcase> <!-- prodCustverifyDataTc -->
  <testcase name="prodCustSelTc3" time="0.0" classname="prodTests.ProdCustomsModule">
    <ignored/>
  </testcase> <!-- prodCustSelTc3 -->
</testsuite> <!-- prod-selenium-tcs -->
