<?xml version="1.0" encoding="UTF-8"?>
<testng-results skipped="1" failed="1" ignored="5" total="8" passed="1">
  <reporter-output>
  </reporter-output>
  <suite name="Production-Suite1" duration-ms="15486" started-at="2021-01-25T13:37:14 GMT" finished-at="2021-01-25T13:37:30 GMT">
    <groups>
      <group name="Regression">
        <method signature="ProdCustomsModule.failTest(org.testng.ITestContext)[pri:2, instance:prodTests.ProdCustomsModule@313b2ea6]" name="failTest" class="prodTests.ProdCustomsModule"/>
        <method signature="ProdCustomsModule.passTest(org.testng.ITestContext)[pri:1, instance:prodTests.ProdCustomsModule@313b2ea6]" name="passTest" class="prodTests.ProdCustomsModule"/>
        <method signature="ProdCustomsModule.skipTest()[pri:3, instance:prodTests.ProdCustomsModule@313b2ea6]" name="skipTest" class="prodTests.ProdCustomsModule"/>
      </group> <!-- Regression -->
    </groups>
    <test name="prod-selenium-tcs" duration-ms="15486" started-at="2021-01-25T13:37:14 GMT" finished-at="2021-01-25T13:37:30 GMT">
      <class name="prodTests.ProdCustomsModule">
        <test-method status="PASS" signature="initializeRunEssentials()[pri:0, instance:prodTests.ProdCustomsModule@313b2ea6]" name="initializeRunEssentials" is-config="true" duration-ms="16" started-at="2021-01-25T13:37:14 GMT" finished-at="2021-01-25T13:37:14 GMT">
          <reporter-output>
          </reporter-output>
        </test-method> <!-- initializeRunEssentials -->
        <test-method status="PASS" signature="setUpBrowser(java.lang.String, org.testng.ITestContext)[pri:0, instance:prodTests.ProdCustomsModule@313b2ea6]" name="setUpBrowser" is-config="true" duration-ms="2778" started-at="2021-01-25T13:37:14 GMT" finished-at="2021-01-25T13:37:17 GMT">
          <params>
            <param index="0">
              <value>
                <![CDATA[chrome]]>
              </value>
            </param>
            <param index="1">
              <value>
                <![CDATA[org.testng.TestRunner@47289387]]>
              </value>
            </param>
          </params>
          <reporter-output>
          </reporter-output>
        </test-method> <!-- setUpBrowser -->
        <test-method status="PASS" signature="passTest(org.testng.ITestContext)[pri:1, instance:prodTests.ProdCustomsModule@313b2ea6]" name="passTest" duration-ms="4910" started-at="2021-01-25T13:37:17 GMT" finished-at="2021-01-25T13:37:22 GMT">
          <params>
            <param index="0">
              <value>
                <![CDATA[org.testng.TestRunner@47289387]]>
              </value>
            </param>
          </params>
          <reporter-output>
          </reporter-output>
        </test-method> <!-- passTest -->
        <test-method status="PASS" signature="beforeTestMethod(java.lang.reflect.Method)[pri:0, instance:prodTests.ProdCustomsModule@313b2ea6]" name="beforeTestMethod" is-config="true" duration-ms="0" started-at="2021-01-25T13:37:17 GMT" finished-at="2021-01-25T13:37:17 GMT">
          <params>
            <param index="0">
              <value>
                <![CDATA[public void prodTests.ProdCustomsModule.passTest(org.testng.ITestContext) throws java.lang.Exception]]>
              </value>
            </param>
          </params>
          <reporter-output>
          </reporter-output>
        </test-method> <!-- beforeTestMethod -->
        <test-method status="PASS" signature="beforeTestMethod(java.lang.reflect.Method)[pri:0, instance:prodTests.ProdCustomsModule@313b2ea6]" name="beforeTestMethod" is-config="true" duration-ms="1" started-at="2021-01-25T13:37:23 GMT" finished-at="2021-01-25T13:37:23 GMT">
          <params>
            <param index="0">
              <value>
                <![CDATA[public void prodTests.ProdCustomsModule.failTest(org.testng.ITestContext) throws java.lang.Exception]]>
              </value>
            </param>
          </params>
          <reporter-output>
          </reporter-output>
        </test-method> <!-- beforeTestMethod -->
        <test-method status="FAIL" signature="failTest(org.testng.ITestContext)[pri:2, instance:prodTests.ProdCustomsModule@313b2ea6]" name="failTest" duration-ms="2041" started-at="2021-01-25T13:37:23 GMT" finished-at="2021-01-25T13:37:25 GMT">
          <params>
            <param index="0">
              <value>
                <![CDATA[org.testng.TestRunner@47289387]]>
              </value>
            </param>
          </params>
          <exception class="java.lang.AssertionError">
            <message>
              <![CDATA[expected [true] but found [false]]]>
            </message>
            <full-stacktrace>
              <![CDATA[java.lang.AssertionError: expected [true] but found [false]
at org.testng.Assert.fail(Assert.java:99)
at org.testng.Assert.failNotEquals(Assert.java:1037)
at org.testng.Assert.assertEqualsImpl(Assert.java:140)
at org.testng.Assert.assertEquals(Assert.java:122)
at org.testng.Assert.assertEquals(Assert.java:819)
at org.testng.Assert.assertEquals(Assert.java:829)
at prodTests.ProdCustomsModule.failTest(ProdCustomsModule.java:142)
at sun.reflect.NativeMethodAccessorImpl.invoke0(Native Method)
at sun.reflect.NativeMethodAccessorImpl.invoke(NativeMethodAccessorImpl.java:62)
at sun.reflect.DelegatingMethodAccessorImpl.invoke(DelegatingMethodAccessorImpl.java:43)
at java.lang.reflect.Method.invoke(Method.java:498)
at org.testng.internal.MethodInvocationHelper.invokeMethod(MethodInvocationHelper.java:132)
at org.testng.internal.TestInvoker.invokeMethod(TestInvoker.java:599)
at org.testng.internal.TestInvoker.invokeTestMethod(TestInvoker.java:174)
at org.testng.internal.MethodRunner.runInSequence(MethodRunner.java:46)
at org.testng.internal.TestInvoker$MethodInvocationAgent.invoke(TestInvoker.java:822)
at org.testng.internal.TestInvoker.invokeTestMethods(TestInvoker.java:147)
at org.testng.internal.TestMethodWorker.invokeTestMethods(TestMethodWorker.java:146)
at org.testng.internal.TestMethodWorker.run(TestMethodWorker.java:128)
at java.util.ArrayList.forEach(ArrayList.java:1259)
at org.testng.TestRunner.privateRun(TestRunner.java:764)
at org.testng.TestRunner.run(TestRunner.java:585)
at org.testng.SuiteRunner.runTest(SuiteRunner.java:384)
at org.testng.SuiteRunner.runSequentially(SuiteRunner.java:378)
at org.testng.SuiteRunner.privateRun(SuiteRunner.java:337)
at org.testng.SuiteRunner.run(SuiteRunner.java:286)
at org.testng.SuiteRunnerWorker.runSuite(SuiteRunnerWorker.java:53)
at org.testng.SuiteRunnerWorker.run(SuiteRunnerWorker.java:96)
at org.testng.TestNG.runSuitesSequentially(TestNG.java:1218)
at org.testng.TestNG.runSuitesLocally(TestNG.java:1140)
at org.testng.TestNG.runSuites(TestNG.java:1069)
at org.testng.TestNG.run(TestNG.java:1037)
at org.apache.maven.surefire.testng.TestNGExecutor.run(TestNGExecutor.java:283)
at org.apache.maven.surefire.testng.TestNGXmlTestSuite.execute(TestNGXmlTestSuite.java:75)
at org.apache.maven.surefire.testng.TestNGProvider.invoke(TestNGProvider.java:120)
at org.apache.maven.surefire.booter.ForkedBooter.invokeProviderInSameClassLoader(ForkedBooter.java:384)
at org.apache.maven.surefire.booter.ForkedBooter.runSuitesInProcess(ForkedBooter.java:345)
at org.apache.maven.surefire.booter.ForkedBooter.execute(ForkedBooter.java:126)
at org.apache.maven.surefire.booter.ForkedBooter.main(ForkedBooter.java:418)
]]>
            </full-stacktrace>
          </exception> <!-- java.lang.AssertionError -->
          <reporter-output>
          </reporter-output>
        </test-method> <!-- failTest -->
        <test-method status="PASS" signature="beforeTestMethod(java.lang.reflect.Method)[pri:0, instance:prodTests.ProdCustomsModule@313b2ea6]" name="beforeTestMethod" is-config="true" duration-ms="0" started-at="2021-01-25T13:37:25 GMT" finished-at="2021-01-25T13:37:25 GMT">
          <params>
            <param index="0">
              <value>
                <![CDATA[public void prodTests.ProdCustomsModule.skipTest()]]>
              </value>
            </param>
          </params>
          <reporter-output>
          </reporter-output>
        </test-method> <!-- beforeTestMethod -->
        <test-method status="SKIP" signature="skipTest()[pri:3, instance:prodTests.ProdCustomsModule@313b2ea6]" name="skipTest" duration-ms="0" started-at="2021-01-25T13:37:25 GMT" finished-at="2021-01-25T13:37:25 GMT">
          <exception class="org.testng.SkipException">
            <message>
              <![CDATA[Skipping skipTest!!]]>
            </message>
            <full-stacktrace>
              <![CDATA[org.testng.SkipException: Skipping skipTest!!
at prodTests.ProdCustomsModule.skipTest(ProdCustomsModule.java:149)
at sun.reflect.NativeMethodAccessorImpl.invoke0(Native Method)
at sun.reflect.NativeMethodAccessorImpl.invoke(NativeMethodAccessorImpl.java:62)
at sun.reflect.DelegatingMethodAccessorImpl.invoke(DelegatingMethodAccessorImpl.java:43)
at java.lang.reflect.Method.invoke(Method.java:498)
at org.testng.internal.MethodInvocationHelper.invokeMethod(MethodInvocationHelper.java:132)
at org.testng.internal.TestInvoker.invokeMethod(TestInvoker.java:599)
at org.testng.internal.TestInvoker.invokeTestMethod(TestInvoker.java:174)
at org.testng.internal.MethodRunner.runInSequence(MethodRunner.java:46)
at org.testng.internal.TestInvoker$MethodInvocationAgent.invoke(TestInvoker.java:822)
at org.testng.internal.TestInvoker.invokeTestMethods(TestInvoker.java:147)
at org.testng.internal.TestMethodWorker.invokeTestMethods(TestMethodWorker.java:146)
at org.testng.internal.TestMethodWorker.run(TestMethodWorker.java:128)
at java.util.ArrayList.forEach(ArrayList.java:1259)
at org.testng.TestRunner.privateRun(TestRunner.java:764)
at org.testng.TestRunner.run(TestRunner.java:585)
at org.testng.SuiteRunner.runTest(SuiteRunner.java:384)
at org.testng.SuiteRunner.runSequentially(SuiteRunner.java:378)
at org.testng.SuiteRunner.privateRun(SuiteRunner.java:337)
at org.testng.SuiteRunner.run(SuiteRunner.java:286)
at org.testng.SuiteRunnerWorker.runSuite(SuiteRunnerWorker.java:53)
at org.testng.SuiteRunnerWorker.run(SuiteRunnerWorker.java:96)
at org.testng.TestNG.runSuitesSequentially(TestNG.java:1218)
at org.testng.TestNG.runSuitesLocally(TestNG.java:1140)
at org.testng.TestNG.runSuites(TestNG.java:1069)
at org.testng.TestNG.run(TestNG.java:1037)
at org.apache.maven.surefire.testng.TestNGExecutor.run(TestNGExecutor.java:283)
at org.apache.maven.surefire.testng.TestNGXmlTestSuite.execute(TestNGXmlTestSuite.java:75)
at org.apache.maven.surefire.testng.TestNGProvider.invoke(TestNGProvider.java:120)
at org.apache.maven.surefire.booter.ForkedBooter.invokeProviderInSameClassLoader(ForkedBooter.java:384)
at org.apache.maven.surefire.booter.ForkedBooter.runSuitesInProcess(ForkedBooter.java:345)
at org.apache.maven.surefire.booter.ForkedBooter.execute(ForkedBooter.java:126)
at org.apache.maven.surefire.booter.ForkedBooter.main(ForkedBooter.java:418)
]]>
            </full-stacktrace>
          </exception> <!-- org.testng.SkipException -->
          <reporter-output>
          </reporter-output>
        </test-method> <!-- skipTest -->
        <test-method status="PASS" signature="tearDown()[pri:0, instance:prodTests.ProdCustomsModule@313b2ea6]" name="tearDown" is-config="true" duration-ms="4787" started-at="2021-01-25T13:37:25 GMT" finished-at="2021-01-25T13:37:30 GMT">
          <reporter-output>
          </reporter-output>
        </test-method> <!-- tearDown -->
      </class> <!-- prodTests.ProdCustomsModule -->
    </test> <!-- prod-selenium-tcs -->
  </suite> <!-- Production-Suite1 -->
</testng-results>
